<?xml version="1.0" encoding="UTF-8"?>
<!-- Generated by org.testng.reporters.JUnitXMLReporter -->
<testsuite ignored="0" hostname="DESKTOP-TOV024I" failures="0" tests="6" name="Default test" time="2.203" errors="0" timestamp="2024-04-01T17:00:07 IST">
  <testcase classname="api.test.UserTests" name="@BeforeClass setup" time="0.877">
    <failure type="java.lang.NoSuchMethodError" message="&amp;apos;org.apache.logging.log4j.status.StatusConsoleListener org.apache.logging.log4j.status.StatusLogger.getFallbackListener()&amp;apos;">
      <![CDATA[java.lang.NoSuchMethodError: 'org.apache.logging.log4j.status.StatusConsoleListener org.apache.logging.log4j.status.StatusLogger.getFallbackListener()'
at org.apache.logging.log4j.core.config.status.StatusConfiguration.initialize(StatusConfiguration.java:189)
at org.apache.logging.log4j.core.config.xml.XmlConfiguration.<init>(XmlConfiguration.java:137)
at org.apache.logging.log4j.core.config.xml.XmlConfigurationFactory.getConfiguration(XmlConfigurationFactory.java:46)
at org.apache.logging.log4j.core.config.ConfigurationFactory$Factory.getConfiguration(ConfigurationFactory.java:544)
at org.apache.logging.log4j.core.config.ConfigurationFactory$Factory.getConfiguration(ConfigurationFactory.java:463)
at org.apache.logging.log4j.core.config.ConfigurationFactory.getConfiguration(ConfigurationFactory.java:321)
at org.apache.logging.log4j.core.LoggerContext.reconfigure(LoggerContext.java:705)
at org.apache.logging.log4j.core.LoggerContext.reconfigure(LoggerContext.java:735)
at org.apache.logging.log4j.core.LoggerContext.start(LoggerContext.java:260)
at org.apache.logging.log4j.core.impl.Log4jContextFactory.getContext(Log4jContextFactory.java:154)
at org.apache.logging.log4j.core.impl.Log4jContextFactory.getContext(Log4jContextFactory.java:46)
at org.apache.logging.log4j.LogManager.getContext(LogManager.java:197)
at org.apache.logging.log4j.LogManager.getLogger(LogManager.java:611)
at api.test.UserTests.setup(UserTests.java:37)
at java.base/jdk.internal.reflect.NativeMethodAccessorImpl.invoke0(Native Method)
at java.base/jdk.internal.reflect.NativeMethodAccessorImpl.invoke(NativeMethodAccessorImpl.java:77)
at java.base/jdk.internal.reflect.DelegatingMethodAccessorImpl.invoke(DelegatingMethodAccessorImpl.java:43)
at java.base/java.lang.reflect.Method.invoke(Method.java:568)
at org.testng.internal.MethodInvocationHelper.invokeMethod(MethodInvocationHelper.java:133)
at org.testng.internal.MethodInvocationHelper.invokeMethodConsideringTimeout(MethodInvocationHelper.java:62)
at org.testng.internal.ConfigInvoker.invokeConfigurationMethod(ConfigInvoker.java:385)
at org.testng.internal.ConfigInvoker.invokeConfigurations(ConfigInvoker.java:321)
at org.testng.internal.TestMethodWorker.invokeBeforeClassMethods(TestMethodWorker.java:176)
at org.testng.internal.TestMethodWorker.run(TestMethodWorker.java:122)
at java.base/java.util.ArrayList.forEach(ArrayList.java:1511)
at org.testng.TestRunner.privateRun(TestRunner.java:794)
at org.testng.TestRunner.run(TestRunner.java:596)
at org.testng.SuiteRunner.runTest(SuiteRunner.java:377)
at org.testng.SuiteRunner.runSequentially(SuiteRunner.java:371)
at org.testng.SuiteRunner.privateRun(SuiteRunner.java:332)
at org.testng.SuiteRunner.run(SuiteRunner.java:276)
at org.testng.SuiteRunnerWorker.runSuite(SuiteRunnerWorker.java:53)
at org.testng.SuiteRunnerWorker.run(SuiteRunnerWorker.java:96)
at org.testng.TestNG.runSuitesSequentially(TestNG.java:1212)
at org.testng.TestNG.runSuitesLocally(TestNG.java:1134)
at org.testng.TestNG.runSuites(TestNG.java:1063)
at org.testng.TestNG.run(TestNG.java:1031)
at org.testng.remote.AbstractRemoteTestNG.run(AbstractRemoteTestNG.java:115)
at org.testng.remote.RemoteTestNG.initAndRun(RemoteTestNG.java:251)
at org.testng.remote.RemoteTestNG.main(RemoteTestNG.java:77)
]]>
    </failure>
  </testcase> <!-- @BeforeClass setup -->
  <testcase classname="api.test.DDTest" name="testPostuser" time="0.0">
    <skipped/>
  </testcase> <!-- testPostuser -->
  <testcase classname="api.test.DDTest" name="testDeleteUserByName" time="0.0">
    <skipped/>
  </testcase> <!-- testDeleteUserByName -->
  <testcase classname="api.test.UserTests" name="testPostUser" time="0.0">
    <skipped/>
  </testcase> <!-- testPostUser -->
  <testcase classname="api.test.UserTests" name="testGetUserByName" time="0.0">
    <skipped/>
  </testcase> <!-- testGetUserByName -->
  <testcase classname="api.test.UserTests" name="testUpdateUserByName" time="0.0">
    <skipped/>
  </testcase> <!-- testUpdateUserByName -->
  <testcase classname="api.test.UserTests" name="testDeleteUserByName" time="0.0">
    <skipped/>
  </testcase> <!-- testDeleteUserByName -->
</testsuite> <!-- Default test -->
