<?xml version="1.0" encoding="UTF-8"?>
<!-- Generated by org.testng.reporters.JUnitXMLReporter -->
<testsuite ignored="0" hostname="DESKTOP-TOV024I" failures="0" tests="4" name="Test" time="14.711" errors="0" timestamp="2024-04-01T17:27:11 IST">
  <testcase classname="api.test.UserTests2" name="testPostUser" time="5.669"/>
  <testcase classname="api.test.UserTests2" name="testGetUserByName" time="1.425"/>
  <testcase classname="api.test.UserTests2" name="testUpdateUserByName" time="2.717"/>
  <testcase classname="api.test.UserTests2" name="testDeleteUserByName" time="1.342"/>
</testsuite> <!-- Test -->
