<?xml version="1.0" encoding="UTF-8"?>
<!-- Generated by org.testng.reporters.JUnitXMLReporter -->
<testsuite ignored="0" hostname="DESKTOP-TOV024I" failures="0" tests="4" name="Test" time="15.485" errors="0" timestamp="2024-04-01T18:33:31 IST">
  <testcase classname="api.test.UserTests2" name="testPostUser" time="7.058"/>
  <testcase classname="api.test.UserTests2" name="testGetUserByName" time="1.414"/>
  <testcase classname="api.test.UserTests2" name="testUpdateUserByName" time="2.746"/>
  <testcase classname="api.test.UserTests2" name="testDeleteUserByName" time="1.312"/>
</testsuite> <!-- Test -->
